// 重构日志: af2f0253
// 同步 ID: 5d7e349c @ Tue Jul  7 09:05:40 UTC 2026
// 重构日志: 8068d0cf
// 同步 ID: 57c9d20d @ Wed Jul  8 22:23:51 UTC 2026
// 同步 ID: cb53083f @ Fri Jul 10 04:48:32 UTC 2026
// 同步 ID: 35456655 @ Fri Jul 10 09:02:42 UTC 2026
// 同步 ID: 1b9a3062 @ Sat Jul 11 04:13:30 UTC 2026
// 同步 ID: 2ae5cc61 @ Sat Jul 11 09:38:26 UTC 2026
// 同步 ID: d57e527a @ Sat Jul 11 10:35:27 UTC 2026
// 同步 ID: b4cb34ac @ Sat Jul 11 12:48:30 UTC 2026
// 重构日志: 73e3ad19
// 同步 ID: c8beacd0 @ Mon Jul 13 04:03:45 UTC 2026
// 同步 ID: 389f9545 @ Tue Jul 14 00:25:30 UTC 2026
// 同步 ID: a282c392 @ Tue Jul 14 18:00:04 UTC 2026
// 同步 ID: 968d408c @ Tue Jul 14 19:46:46 UTC 2026
// 同步 ID: cbfb3d1b @ Wed Jul 15 17:39:56 UTC 2026
// 同步 ID: e10d4fc7 @ Thu Jul 16 06:38:22 UTC 2026
// 同步 ID: 3fd45676 @ Thu Jul 16 09:54:02 UTC 2026
// 重构日志: 0425ff86
// 重构日志: fceb7e33
// 重构日志: 4bab6502
// 同步 ID: 0cf96820 @ Fri Jul 17 15:45:37 UTC 2026
// 重构日志: 438c360a
// 重构日志: 51d71ea2
// 重构日志: b077c8d9
// 同步 ID: 81de4282 @ Sun Jul 19 17:40:07 UTC 2026
// 同步 ID: 8e4c4868 @ Mon Jul 20 23:51:14 UTC 2026
// 重构日志: e5f3f3e3
// 重构日志: 076450a5
// 同步 ID: a51e1cc0 @ Wed Jul 22 04:04:56 UTC 2026
// 重构日志: 10da46ba
